Using pre-set license
Built from '2020.3/release' branch; Version is '2020.3.1f1 (77a89f25062f) revision 7841951'; Using compiler version '192528614'; Build Type 'Release'
OS: 'Windows 10 Pro; OS build 19044.1620; Version 2009; 64bit' Language: 'en' Physical Memory: 32693 MB
BatchMode: 1, IsHumanControllingUs: 0, StartBugReporterOnCrash: 0, Is64bit: 1, IsPro: 0

 COMMAND LINE ARGUMENTS:
C:\Program Files\Unity\Hub\Editor\2020.3.1f1\Editor\Unity.exe
-adb2
-batchMode
-noUpm
-name
AssetImportWorker0
-projectPath
C:/Users/Gustavo/OneDrive/Desktop/Proyecto Graficas/Plantas
-logFile
Logs/AssetImportWorker0.log
-srvPort
63010
Successfully changed project path to: C:/Users/Gustavo/OneDrive/Desktop/Proyecto Graficas/Plantas
C:/Users/Gustavo/OneDrive/Desktop/Proyecto Graficas/Plantas
Using Asset Import Pipeline V2.
Refreshing native plugins compatible for Editor in 21.86 ms, found 0 plugins.
Preloading 0 native plugins for Editor in 0.00 ms.
Initialize engine version: 2020.3.1f1 (77a89f25062f)
[Subsystems] Discovering subsystems at path C:/Program Files/Unity/Hub/Editor/2020.3.1f1/Editor/Data/Resources/UnitySubsystems
[Subsystems] Discovering subsystems at path C:/Users/Gustavo/OneDrive/Desktop/Proyecto Graficas/Plantas/Assets
GfxDevice: creating device client; threaded=0
Direct3D:
    Version:  Direct3D 11.0 [level 11.1]
    Renderer: NVIDIA GeForce RTX 3060 (ID=0x2503)
    Vendor:   
    VRAM:     12142 MB
    Driver:   30.0.15.1215
Initialize mono
Mono path[0] = 'C:/Program Files/Unity/Hub/Editor/2020.3.1f1/Editor/Data/Managed'
Mono path[1] = 'C:/Program Files/Unity/Hub/Editor/2020.3.1f1/Editor/Data/MonoBleedingEdge/lib/mono/unityjit'
Mono config path = 'C:/Program Files/Unity/Hub/Editor/2020.3.1f1/Editor/Data/MonoBleedingEdge/etc'
Using monoOptions --debugger-agent=transport=dt_socket,embedding=1,server=y,suspend=n,address=127.0.0.1:56920
Begin MonoManager ReloadAssembly
Registering precompiled unity dll's ...
Register platform support module: C:/Program Files/Unity/Hub/Editor/2020.3.1f1/Editor/Data/PlaybackEngines/WindowsStandaloneSupport/UnityEditor.WindowsStandalone.Extensions.dll
Registered in 0.001888 seconds.
Native extension for WindowsStandalone target not found
Refreshing native plugins compatible for Editor in 21.58 ms, found 0 plugins.
Preloading 0 native plugins for Editor in 0.00 ms.
Invoked RoslynAnalysisRunner static constructor.
RoslynAnalysisRunner will not be running.
RoslynAnalysisRunner has terminated.
Mono: successfully reloaded assembly
- Completed reload, in  1.000 seconds
Platform modules already initialized, skipping
Registering precompiled user dll's ...
Registered in 0.000740 seconds.
Begin MonoManager ReloadAssembly
Native extension for WindowsStandalone target not found
Refreshing native plugins compatible for Editor in 0.29 ms, found 0 plugins.
Preloading 0 native plugins for Editor in 0.00 ms.
Invoked RoslynAnalysisRunner static constructor.
RoslynAnalysisRunner will not be running.
RoslynAnalysisRunner has terminated.
Mono: successfully reloaded assembly
- Completed reload, in  0.828 seconds
Platform modules already initialized, skipping
========================================================================
Worker process is ready to serve import requests
Launched and connected shader compiler UnityShaderCompiler.exe after 0.04 seconds
Refreshing native plugins compatible for Editor in 0.43 ms, found 0 plugins.
Preloading 0 native plugins for Editor in 0.00 ms.
Unloading 1113 Unused Serialized files (Serialized files now loaded: 0)
System memory in use before: 56.9 MB.
System memory in use after: 56.9 MB.

Unloading 10 unused Assets to reduce memory usage. Loaded Objects now: 1555.
Total: 2.312100 ms (FindLiveObjects: 0.259700 ms CreateObjectMapping: 0.059800 ms MarkObjects: 1.915500 ms  DeleteObjects: 0.076000 ms)

========================================================================
Received Import Request.
  path: Assets/unity-procedural-flower-master.zip
  artifactKey: Guid(857087ebf0d6a6843b22a5902e275464) Importer(815301076,1909f56bfc062723c751e8b465ee728b)
Start importing Assets/unity-procedural-flower-master.zip using Guid(857087ebf0d6a6843b22a5902e275464) Importer(815301076,1909f56bfc062723c751e8b465ee728b)  -> (artifact id: '437e13eda708554b52ab9fe648ed4f7e') in 0.030587 seconds
  Import took 0.033440 seconds .

========================================================================
Received Prepare
Registering precompiled user dll's ...
Registered in 0.000705 seconds.
Begin MonoManager ReloadAssembly
Native extension for WindowsStandalone target not found
Refreshing native plugins compatible for Editor in 0.44 ms, found 0 plugins.
Preloading 0 native plugins for Editor in 0.00 ms.
Invoked RoslynAnalysisRunner static constructor.
RoslynAnalysisRunner will not be running.
RoslynAnalysisRunner has terminated.
Mono: successfully reloaded assembly
- Completed reload, in  0.759 seconds
Platform modules already initialized, skipping
Refreshing native plugins compatible for Editor in 0.23 ms, found 0 plugins.
Preloading 0 native plugins for Editor in 0.00 ms.
Unloading 1130 Unused Serialized files (Serialized files now loaded: 0)
System memory in use before: 59.3 MB.
System memory in use after: 58.1 MB.

Unloading 10 unused Assets to reduce memory usage. Loaded Objects now: 1575.
Total: 3.583000 ms (FindLiveObjects: 0.161600 ms CreateObjectMapping: 0.041500 ms MarkObjects: 2.262100 ms  DeleteObjects: 1.116400 ms)

========================================================================
Received Import Request.
  Time since last request: 130.594750 seconds.
  path: Assets/unity-procedural-flower-master
  artifactKey: Guid(e70777eda94826143b77096091e950ea) Importer(815301076,1909f56bfc062723c751e8b465ee728b)
Start importing Assets/unity-procedural-flower-master using Guid(e70777eda94826143b77096091e950ea) Importer(815301076,1909f56bfc062723c751e8b465ee728b)  -> (artifact id: 'ac90c1f3d8b1158342f2388eed9d043f') in 0.007418 seconds
  Import took 0.009512 seconds .

========================================================================
Received Import Request.
  Time since last request: 0.003996 seconds.
  path: Assets/unity-procedural-flower-master
  artifactKey: Guid(e70777eda94826143b77096091e950ea) Importer(815301076,1909f56bfc062723c751e8b465ee728b)
Start importing Assets/unity-procedural-flower-master using Guid(e70777eda94826143b77096091e950ea) Importer(815301076,1909f56bfc062723c751e8b465ee728b)  -> (artifact id: 'ac90c1f3d8b1158342f2388eed9d043f') in 0.003326 seconds
  Import took 0.005428 seconds .

========================================================================
Received Import Request.
  Time since last request: 17.632878 seconds.
  path: Assets/unity-procedural-flower-master/ProceduralFlower.unitypackage
  artifactKey: Guid(f28881ce04a9f1741af2e03cac9dac31) Importer(815301076,1909f56bfc062723c751e8b465ee728b)
Start importing Assets/unity-procedural-flower-master/ProceduralFlower.unitypackage using Guid(f28881ce04a9f1741af2e03cac9dac31) Importer(815301076,1909f56bfc062723c751e8b465ee728b)  -> (artifact id: '680a0cd0d7f81dc0540db13a435647c8') in 0.031276 seconds
  Import took 0.033448 seconds .

========================================================================
Received Import Request.
  Time since last request: 61.782736 seconds.
  path: Assets/unity-procedural-flower-master/Assets
  artifactKey: Guid(eb8232891f01a63428993c50bee19dd9) Importer(815301076,1909f56bfc062723c751e8b465ee728b)
Start importing Assets/unity-procedural-flower-master/Assets using Guid(eb8232891f01a63428993c50bee19dd9) Importer(815301076,1909f56bfc062723c751e8b465ee728b)  -> (artifact id: '90f8692f990ec55edfc4c37609b54b9b') in 0.008214 seconds
  Import took 0.011000 seconds .

========================================================================
Received Import Request.
  Time since last request: 0.000382 seconds.
  path: Assets/unity-procedural-flower-master/Assets
  artifactKey: Guid(eb8232891f01a63428993c50bee19dd9) Importer(815301076,1909f56bfc062723c751e8b465ee728b)
Start importing Assets/unity-procedural-flower-master/Assets using Guid(eb8232891f01a63428993c50bee19dd9) Importer(815301076,1909f56bfc062723c751e8b465ee728b)  -> (artifact id: '90f8692f990ec55edfc4c37609b54b9b') in 0.003688 seconds
  Import took 0.006639 seconds .

========================================================================
Received Import Request.
  Time since last request: 5.186386 seconds.
  path: Assets/unity-procedural-flower-master/Assets/Packages
  artifactKey: Guid(bb5fd3a86ec8a2b45818e1dd9fa5a524) Importer(815301076,1909f56bfc062723c751e8b465ee728b)
Start importing Assets/unity-procedural-flower-master/Assets/Packages using Guid(bb5fd3a86ec8a2b45818e1dd9fa5a524) Importer(815301076,1909f56bfc062723c751e8b465ee728b)  -> (artifact id: '776e045df1368022e2e4c14b7150313e') in 0.006965 seconds
  Import took 0.009925 seconds .

========================================================================
Received Import Request.
  Time since last request: 1.170102 seconds.
  path: Assets/unity-procedural-flower-master/Assets/Packages/ProceduralFlower
  artifactKey: Guid(ea0e2918fdf81894ea360cce1fe8ffb6) Importer(815301076,1909f56bfc062723c751e8b465ee728b)
Start importing Assets/unity-procedural-flower-master/Assets/Packages/ProceduralFlower using Guid(ea0e2918fdf81894ea360cce1fe8ffb6) Importer(815301076,1909f56bfc062723c751e8b465ee728b)  -> (artifact id: '9282c435e3ba784fc896ac48b227722f') in 0.003978 seconds
  Import took 0.006367 seconds .

========================================================================
Received Import Request.
  Time since last request: 11.277217 seconds.
  path: Assets/unity-procedural-flower-master/Assets/Packages/ProceduralFlower/Scenes
  artifactKey: Guid(e6e5fe4e31a1da1409825429e2ad540d) Importer(815301076,1909f56bfc062723c751e8b465ee728b)
Start importing Assets/unity-procedural-flower-master/Assets/Packages/ProceduralFlower/Scenes using Guid(e6e5fe4e31a1da1409825429e2ad540d) Importer(815301076,1909f56bfc062723c751e8b465ee728b)  -> (artifact id: '744d398f3898b5054356276a68cb24d4') in 0.009849 seconds
  Import took 0.012481 seconds .

========================================================================
Received Import Request.
  Time since last request: 0.000619 seconds.
  path: Assets/unity-procedural-flower-master/Assets/Packages/ProceduralFlower/Scenes
  artifactKey: Guid(e6e5fe4e31a1da1409825429e2ad540d) Importer(815301076,1909f56bfc062723c751e8b465ee728b)
Start importing Assets/unity-procedural-flower-master/Assets/Packages/ProceduralFlower/Scenes using Guid(e6e5fe4e31a1da1409825429e2ad540d) Importer(815301076,1909f56bfc062723c751e8b465ee728b)  -> (artifact id: '744d398f3898b5054356276a68cb24d4') in 0.004510 seconds
  Import took 0.008781 seconds .

========================================================================
Received Import Request.
  Time since last request: 6.657057 seconds.
  path: Assets/unity-procedural-flower-master/Assets/Packages/ProceduralFlower/Scenes/Demo.unity
  artifactKey: Guid(2908f46c0129f1c42a3ba30d74e62e5e) Importer(815301076,1909f56bfc062723c751e8b465ee728b)
Start importing Assets/unity-procedural-flower-master/Assets/Packages/ProceduralFlower/Scenes/Demo.unity using Guid(2908f46c0129f1c42a3ba30d74e62e5e) Importer(815301076,1909f56bfc062723c751e8b465ee728b)  -> (artifact id: 'd99801a0244f367b1eada26b20963ab7') in 0.005776 seconds
  Import took 0.008072 seconds .

========================================================================
Received Import Request.
  Time since last request: 107.805841 seconds.
  path: Assets/unity-procedural-flower-master/Assets/Packages/ProceduralFlower/Prefabs
  artifactKey: Guid(90dee17994e994bb8b20bd07cb2f5557) Importer(815301076,1909f56bfc062723c751e8b465ee728b)
Start importing Assets/unity-procedural-flower-master/Assets/Packages/ProceduralFlower/Prefabs using Guid(90dee17994e994bb8b20bd07cb2f5557) Importer(815301076,1909f56bfc062723c751e8b465ee728b)  -> (artifact id: 'fdc121efa5e16ca4048c84ffea7a440b') in 0.005165 seconds
  Import took 0.007024 seconds .

========================================================================
Received Import Request.
  Time since last request: 0.007064 seconds.
  path: Assets/unity-procedural-flower-master/Assets/Packages/ProceduralFlower/Prefabs
  artifactKey: Guid(90dee17994e994bb8b20bd07cb2f5557) Importer(815301076,1909f56bfc062723c751e8b465ee728b)
Start importing Assets/unity-procedural-flower-master/Assets/Packages/ProceduralFlower/Prefabs using Guid(90dee17994e994bb8b20bd07cb2f5557) Importer(815301076,1909f56bfc062723c751e8b465ee728b)  -> (artifact id: 'fdc121efa5e16ca4048c84ffea7a440b') in 0.001591 seconds
  Import took 0.004045 seconds .

========================================================================
Received Import Request.
  Time since last request: 0.632447 seconds.
  path: Assets/unity-procedural-flower-master/Assets/Packages/ProceduralFlower/Prefabs/PFGrowingBlue.prefab
  artifactKey: Guid(84680e69f0dcd4c1594b0621f98aab1a) Importer(815301076,1909f56bfc062723c751e8b465ee728b)
Start importing Assets/unity-procedural-flower-master/Assets/Packages/ProceduralFlower/Prefabs/PFGrowingBlue.prefab using Guid(84680e69f0dcd4c1594b0621f98aab1a) Importer(815301076,1909f56bfc062723c751e8b465ee728b)  -> (artifact id: 'c09ae30975978f2293ed92642a5396f0') in 0.032165 seconds
  Import took 0.035239 seconds .

========================================================================
Received Import Request.
  Time since last request: 0.000236 seconds.
  path: Assets/unity-procedural-flower-master/Assets/Packages/ProceduralFlower/Prefabs/PFGrowingOrange.prefab
  artifactKey: Guid(4782b09d9ccb346b2aec7fb14f87924a) Importer(815301076,1909f56bfc062723c751e8b465ee728b)
Start importing Assets/unity-procedural-flower-master/Assets/Packages/ProceduralFlower/Prefabs/PFGrowingOrange.prefab using Guid(4782b09d9ccb346b2aec7fb14f87924a) Importer(815301076,1909f56bfc062723c751e8b465ee728b)  -> (artifact id: 'a0229b96b8e7c529b2e278d4c5050afe') in 0.011646 seconds
  Import took 0.014239 seconds .

========================================================================
Received Import Request.
  Time since last request: 0.000167 seconds.
  path: Assets/unity-procedural-flower-master/Assets/Packages/ProceduralFlower/Prefabs/PFGrowingYellow.prefab
  artifactKey: Guid(4075419a0e4944e1e835c65edab2af5c) Importer(815301076,1909f56bfc062723c751e8b465ee728b)
Start importing Assets/unity-procedural-flower-master/Assets/Packages/ProceduralFlower/Prefabs/PFGrowingYellow.prefab using Guid(4075419a0e4944e1e835c65edab2af5c) Importer(815301076,1909f56bfc062723c751e8b465ee728b)  -> (artifact id: 'b9db61e92c7e23d35630fcb2fbe7bdd2') in 0.012199 seconds
  Import took 0.014871 seconds .

========================================================================
Received Import Request.
  Time since last request: 0.000238 seconds.
  path: Assets/unity-procedural-flower-master/Assets/Packages/ProceduralFlower/Prefabs/PFGrowingRed.prefab
  artifactKey: Guid(df50d9196bfa44ef3a55d6c023fcfe9a) Importer(815301076,1909f56bfc062723c751e8b465ee728b)
Start importing Assets/unity-procedural-flower-master/Assets/Packages/ProceduralFlower/Prefabs/PFGrowingRed.prefab using Guid(df50d9196bfa44ef3a55d6c023fcfe9a) Importer(815301076,1909f56bfc062723c751e8b465ee728b)  -> (artifact id: 'bd42d4a473d7833c3dfdd50c1adeb0b5') in 0.011798 seconds
  Import took 0.014934 seconds .

========================================================================
Received Import Request.
  Time since last request: 0.000223 seconds.
  path: Assets/unity-procedural-flower-master/Assets/Packages/ProceduralFlower/Prefabs/PFGrowingPurple.prefab
  artifactKey: Guid(bc439e05dadeb4ddaa644b778a37473a) Importer(815301076,1909f56bfc062723c751e8b465ee728b)
Start importing Assets/unity-procedural-flower-master/Assets/Packages/ProceduralFlower/Prefabs/PFGrowingPurple.prefab using Guid(bc439e05dadeb4ddaa644b778a37473a) Importer(815301076,1909f56bfc062723c751e8b465ee728b)  -> (artifact id: 'a0bac3c85332362f831b0560b2a0ed49') in 0.014790 seconds
  Import took 0.019585 seconds .

========================================================================
Received Import Request.
  Time since last request: 160.686318 seconds.
  path: Assets/Scenes/SampleScene.unity
  artifactKey: Guid(9fc0d4010bbf28b4594072e72b8655ab) Importer(815301076,1909f56bfc062723c751e8b465ee728b)
Start importing Assets/Scenes/SampleScene.unity using Guid(9fc0d4010bbf28b4594072e72b8655ab) Importer(815301076,1909f56bfc062723c751e8b465ee728b)  -> (artifact id: '9a0c7bd3eade52b464e03a3fa19ccb01') in 0.005559 seconds
  Import took 0.008013 seconds .

========================================================================
Received Prepare
Registering precompiled user dll's ...
Registered in 0.000733 seconds.
Begin MonoManager ReloadAssembly
Native extension for WindowsStandalone target not found
Refreshing native plugins compatible for Editor in 0.22 ms, found 0 plugins.
Preloading 0 native plugins for Editor in 0.00 ms.
Invoked RoslynAnalysisRunner static constructor.
RoslynAnalysisRunner will not be running.
RoslynAnalysisRunner has terminated.
Mono: successfully reloaded assembly
- Completed reload, in  0.740 seconds
Platform modules already initialized, skipping
Refreshing native plugins compatible for Editor in 0.29 ms, found 0 plugins.
Preloading 0 native plugins for Editor in 0.00 ms.
Unloading 1129 Unused Serialized files (Serialized files now loaded: 0)
System memory in use before: 62.9 MB.
System memory in use after: 61.7 MB.

Unloading 10 unused Assets to reduce memory usage. Loaded Objects now: 1580.
Total: 3.869400 ms (FindLiveObjects: 0.381100 ms CreateObjectMapping: 0.130700 ms MarkObjects: 1.836900 ms  DeleteObjects: 1.519100 ms)

========================================================================
Received Import Request.
  Time since last request: 561.140365 seconds.
  path: Assets/unity-procedural-flower-master/Assets/Packages/ProceduralFlower/Models/Garden.asset
  artifactKey: Guid(d5495fa1f84f4410ba97a4edb89edf32) Importer(815301076,1909f56bfc062723c751e8b465ee728b)
Start importing Assets/unity-procedural-flower-master/Assets/Packages/ProceduralFlower/Models/Garden.asset using Guid(d5495fa1f84f4410ba97a4edb89edf32) Importer(815301076,1909f56bfc062723c751e8b465ee728b)  -> (artifact id: '2893b0e50c86735ec3041e0e9e36eb73') in 0.095777 seconds
  Import took 0.098895 seconds .

========================================================================
Received Import Request.
  Time since last request: 35.715948 seconds.
  path: Assets/unity-procedural-flower-master/Assets/Packages/ProceduralFlower/Materials/BlueBud.mat
  artifactKey: Guid(742d4d64b794046909d4d9bfcdd98729) Importer(815301076,1909f56bfc062723c751e8b465ee728b)
Start importing Assets/unity-procedural-flower-master/Assets/Packages/ProceduralFlower/Materials/BlueBud.mat using Guid(742d4d64b794046909d4d9bfcdd98729) Importer(815301076,1909f56bfc062723c751e8b465ee728b)  -> (artifact id: '0937edc46602cdda2883c5e1a19f5529') in 0.113951 seconds
  Import took 0.117309 seconds .

========================================================================
Received Import Request.
  Time since last request: 0.000193 seconds.
  path: Assets/unity-procedural-flower-master/Assets/Packages/ProceduralFlower/Materials/Garden.mat
  artifactKey: Guid(2b0fe8c7fbc3b46c882e7b156dc71bbf) Importer(815301076,1909f56bfc062723c751e8b465ee728b)
Start importing Assets/unity-procedural-flower-master/Assets/Packages/ProceduralFlower/Materials/Garden.mat using Guid(2b0fe8c7fbc3b46c882e7b156dc71bbf) Importer(815301076,1909f56bfc062723c751e8b465ee728b)  -> (artifact id: 'c56e0cce20c5f11eccad39873d10788d') in 0.181361 seconds
  Import took 0.183509 seconds .

========================================================================
Received Import Request.
  Time since last request: 0.000156 seconds.
  path: Assets/unity-procedural-flower-master/Assets/Packages/ProceduralFlower/Materials/Stem.mat
  artifactKey: Guid(d6d027743c4004c87a7a73830432c83e) Importer(815301076,1909f56bfc062723c751e8b465ee728b)
Start importing Assets/unity-procedural-flower-master/Assets/Packages/ProceduralFlower/Materials/Stem.mat using Guid(d6d027743c4004c87a7a73830432c83e) Importer(815301076,1909f56bfc062723c751e8b465ee728b)  -> (artifact id: '4fd8f13f09e49d21a75fc47645bd0cfe') in 0.082340 seconds
  Import took 0.084370 seconds .

========================================================================
Received Import Request.
  Time since last request: 0.000185 seconds.
  path: Assets/unity-procedural-flower-master/Assets/Packages/ProceduralFlower/Materials/OrangeBud.mat
  artifactKey: Guid(17314adb600a243d19be41279b24c116) Importer(815301076,1909f56bfc062723c751e8b465ee728b)
Start importing Assets/unity-procedural-flower-master/Assets/Packages/ProceduralFlower/Materials/OrangeBud.mat using Guid(17314adb600a243d19be41279b24c116) Importer(815301076,1909f56bfc062723c751e8b465ee728b)  -> (artifact id: '696ec78566333e0b05b0418f8df2dafd') in 0.018654 seconds
  Import took 0.020835 seconds .

========================================================================
Received Import Request.
  Time since last request: 0.000273 seconds.
  path: Assets/unity-procedural-flower-master/Assets/Packages/ProceduralFlower/Materials/RedBud.mat
  artifactKey: Guid(ce87fea90bdaf4fc29712567d3ac1417) Importer(815301076,1909f56bfc062723c751e8b465ee728b)
Start importing Assets/unity-procedural-flower-master/Assets/Packages/ProceduralFlower/Materials/RedBud.mat using Guid(ce87fea90bdaf4fc29712567d3ac1417) Importer(815301076,1909f56bfc062723c751e8b465ee728b)  -> (artifact id: '77ffe0ef93a4a4364eaaf0d9b4a93ff5') in 0.014475 seconds
  Import took 0.017482 seconds .

========================================================================
Received Import Request.
  Time since last request: 0.000230 seconds.
  path: Assets/unity-procedural-flower-master/Assets/Packages/ProceduralFlower/Materials/YellowBud.mat
  artifactKey: Guid(fd92fd79991e142a98a5c716a44cbee0) Importer(815301076,1909f56bfc062723c751e8b465ee728b)
Start importing Assets/unity-procedural-flower-master/Assets/Packages/ProceduralFlower/Materials/YellowBud.mat using Guid(fd92fd79991e142a98a5c716a44cbee0) Importer(815301076,1909f56bfc062723c751e8b465ee728b)  -> (artifact id: '28c354aaa6ef74c5029a4c29d81abdee') in 0.017739 seconds
  Import took 0.020230 seconds .

========================================================================
Received Import Request.
  Time since last request: 0.000154 seconds.
  path: Assets/unity-procedural-flower-master/Assets/Packages/ProceduralFlower/Materials/BluePetal.mat
  artifactKey: Guid(747c6239b309443eea0882b1dc0a5a1c) Importer(815301076,1909f56bfc062723c751e8b465ee728b)
Start importing Assets/unity-procedural-flower-master/Assets/Packages/ProceduralFlower/Materials/BluePetal.mat using Guid(747c6239b309443eea0882b1dc0a5a1c) Importer(815301076,1909f56bfc062723c751e8b465ee728b)  -> (artifact id: 'b92b577b5f615f338bea0d2dac6d253d') in 0.079715 seconds
  Import took 0.081718 seconds .

========================================================================
Received Import Request.
  Time since last request: 0.000172 seconds.
  path: Assets/unity-procedural-flower-master/Assets/Packages/ProceduralFlower/Materials/RedPetal.mat
  artifactKey: Guid(5a1556cbfceadd34cb0cb0b97f57c98c) Importer(815301076,1909f56bfc062723c751e8b465ee728b)
Start importing Assets/unity-procedural-flower-master/Assets/Packages/ProceduralFlower/Materials/RedPetal.mat using Guid(5a1556cbfceadd34cb0cb0b97f57c98c) Importer(815301076,1909f56bfc062723c751e8b465ee728b)  -> (artifact id: '11d7c392d95e04e4d75f34a65c52026f') in 0.012152 seconds
  Import took 0.014774 seconds .

========================================================================
Received Import Request.
  Time since last request: 0.000381 seconds.
  path: Assets/unity-procedural-flower-master/Assets/Packages/ProceduralFlower/Materials/Leaf.mat
  artifactKey: Guid(23eff92748469457daadc9ad60238629) Importer(815301076,1909f56bfc062723c751e8b465ee728b)
Start importing Assets/unity-procedural-flower-master/Assets/Packages/ProceduralFlower/Materials/Leaf.mat using Guid(23eff92748469457daadc9ad60238629) Importer(815301076,1909f56bfc062723c751e8b465ee728b)  -> (artifact id: '475a30fa5f04189359650626be24c4bc') in 0.020733 seconds
  Import took 0.023701 seconds .

========================================================================
Received Import Request.
  Time since last request: 0.000195 seconds.
  path: Assets/unity-procedural-flower-master/Assets/Packages/ProceduralFlower/Materials/Combine.mat
  artifactKey: Guid(ce5dde919b1d32e448105c75aa1a6800) Importer(815301076,1909f56bfc062723c751e8b465ee728b)
Start importing Assets/unity-procedural-flower-master/Assets/Packages/ProceduralFlower/Materials/Combine.mat using Guid(ce5dde919b1d32e448105c75aa1a6800) Importer(815301076,1909f56bfc062723c751e8b465ee728b)  -> (artifact id: '04913a96a8d15168f6d6e38e6c502fde') in 0.181454 seconds
  Import took 0.184023 seconds .

========================================================================
Received Import Request.
  Time since last request: 0.000189 seconds.
  path: Assets/unity-procedural-flower-master/Assets/Packages/ProceduralFlower/Materials/YellowPetal.mat
  artifactKey: Guid(334aac84e9abd4d919c9fb1cfb3489a0) Importer(815301076,1909f56bfc062723c751e8b465ee728b)
Start importing Assets/unity-procedural-flower-master/Assets/Packages/ProceduralFlower/Materials/YellowPetal.mat using Guid(334aac84e9abd4d919c9fb1cfb3489a0) Importer(815301076,1909f56bfc062723c751e8b465ee728b)  -> (artifact id: 'eec5ac30e4d6eaa175dc43f0f00bd7f8') in 0.013230 seconds
  Import took 0.015801 seconds .

========================================================================
Received Import Request.
  Time since last request: 0.000262 seconds.
  path: Assets/unity-procedural-flower-master/Assets/Packages/ProceduralFlower/Materials/OrangePetal.mat
  artifactKey: Guid(6326232e0aa8a440f9bbc14a778d2592) Importer(815301076,1909f56bfc062723c751e8b465ee728b)
Start importing Assets/unity-procedural-flower-master/Assets/Packages/ProceduralFlower/Materials/OrangePetal.mat using Guid(6326232e0aa8a440f9bbc14a778d2592) Importer(815301076,1909f56bfc062723c751e8b465ee728b)  -> (artifact id: '2b66ee796359fc1767cc41afd5b20337') in 0.014269 seconds
  Import took 0.017087 seconds .

========================================================================
Received Import Request.
  Time since last request: 0.000183 seconds.
  path: Assets/unity-procedural-flower-master/Assets/Packages/ProceduralFlower/Materials/PurpleBud.mat
  artifactKey: Guid(7f426c21fd5ce486a9be36440b93d5af) Importer(815301076,1909f56bfc062723c751e8b465ee728b)
Start importing Assets/unity-procedural-flower-master/Assets/Packages/ProceduralFlower/Materials/PurpleBud.mat using Guid(7f426c21fd5ce486a9be36440b93d5af) Importer(815301076,1909f56bfc062723c751e8b465ee728b)  -> (artifact id: 'cab0b8d381dfdc7832e093524e02df2f') in 0.019759 seconds
  Import took 0.022459 seconds .

========================================================================
Received Import Request.
  Time since last request: 0.000227 seconds.
  path: Assets/unity-procedural-flower-master/Assets/Packages/ProceduralFlower/Materials/PurplePetal.mat
  artifactKey: Guid(c1e87b15383f44dd09e0e9680b1a79a1) Importer(815301076,1909f56bfc062723c751e8b465ee728b)
Start importing Assets/unity-procedural-flower-master/Assets/Packages/ProceduralFlower/Materials/PurplePetal.mat using Guid(c1e87b15383f44dd09e0e9680b1a79a1) Importer(815301076,1909f56bfc062723c751e8b465ee728b)  -> (artifact id: '5c2684b121427ce91bcfb67998df575d') in 0.012851 seconds
  Import took 0.015921 seconds .

========================================================================
Received Import Request.
  Time since last request: 25.374650 seconds.
  path: Assets/unity-procedural-flower-master/Assets/Packages/ProceduralFlower/Scripts/PFCatmullRomSpline.cs
  artifactKey: Guid(b993f9ca18c9e4e43bb8046cfecec61e) Importer(815301076,1909f56bfc062723c751e8b465ee728b)
Start importing Assets/unity-procedural-flower-master/Assets/Packages/ProceduralFlower/Scripts/PFCatmullRomSpline.cs using Guid(b993f9ca18c9e4e43bb8046cfecec61e) Importer(815301076,1909f56bfc062723c751e8b465ee728b)  -> (artifact id: '43edbd1f95037f7ebe25d8a492fa8d8f') in 0.013830 seconds
  Import took 0.016680 seconds .

========================================================================
Received Import Request.
  Time since last request: 0.014951 seconds.
  path: Assets/unity-procedural-flower-master/Assets/Packages/ProceduralFlower/Scripts/PFCatmullRomSpline.cs
  artifactKey: Guid(b993f9ca18c9e4e43bb8046cfecec61e) Importer(815301076,1909f56bfc062723c751e8b465ee728b)
Start importing Assets/unity-procedural-flower-master/Assets/Packages/ProceduralFlower/Scripts/PFCatmullRomSpline.cs using Guid(b993f9ca18c9e4e43bb8046cfecec61e) Importer(815301076,1909f56bfc062723c751e8b465ee728b)  -> (artifact id: '43edbd1f95037f7ebe25d8a492fa8d8f') in 0.002495 seconds
  Import took 0.004691 seconds .

========================================================================
Received Import Request.
  Time since last request: 4.976812 seconds.
  path: Assets/unity-procedural-flower-master/Assets/Packages/ProceduralFlower/Scripts/Editor
  artifactKey: Guid(292e5f95ed8c24d038b160dfa9da7ba0) Importer(815301076,1909f56bfc062723c751e8b465ee728b)
Start importing Assets/unity-procedural-flower-master/Assets/Packages/ProceduralFlower/Scripts/Editor using Guid(292e5f95ed8c24d038b160dfa9da7ba0) Importer(815301076,1909f56bfc062723c751e8b465ee728b)  -> (artifact id: 'f5a5723697ec88e6f0f567f775cdbbd9') in 0.007526 seconds
  Import took 0.010299 seconds .

========================================================================
Received Import Request.
  Time since last request: 1.944470 seconds.
  path: Assets/unity-procedural-flower-master/Assets/Packages/ProceduralFlower/Scripts/Editor/PFShapeInspector.cs
  artifactKey: Guid(980ab6be03be24927a2e629847c1266f) Importer(815301076,1909f56bfc062723c751e8b465ee728b)
Start importing Assets/unity-procedural-flower-master/Assets/Packages/ProceduralFlower/Scripts/Editor/PFShapeInspector.cs using Guid(980ab6be03be24927a2e629847c1266f) Importer(815301076,1909f56bfc062723c751e8b465ee728b)  -> (artifact id: '8ea29a7f624fcc74922ec898e5dff73f') in 0.006402 seconds
  Import took 0.009246 seconds .

========================================================================
Received Import Request.
  Time since last request: 3.798849 seconds.
  path: Assets/unity-procedural-flower-master/Assets/Packages/ProceduralFlower/Scripts/Editor/PFShapeWindow.cs
  artifactKey: Guid(1c171f6d590db4523bb4789bfa74f516) Importer(815301076,1909f56bfc062723c751e8b465ee728b)
Start importing Assets/unity-procedural-flower-master/Assets/Packages/ProceduralFlower/Scripts/Editor/PFShapeWindow.cs using Guid(1c171f6d590db4523bb4789bfa74f516) Importer(815301076,1909f56bfc062723c751e8b465ee728b)  -> (artifact id: '21ec985ed1cb093031141c77e2ef2633') in 0.005099 seconds
  Import took 0.007352 seconds .

========================================================================
Received Import Request.
  Time since last request: 0.005554 seconds.
  path: Assets/unity-procedural-flower-master/Assets/Packages/ProceduralFlower/Scripts/Editor/PFShapeWindow.cs
  artifactKey: Guid(1c171f6d590db4523bb4789bfa74f516) Importer(815301076,1909f56bfc062723c751e8b465ee728b)
Start importing Assets/unity-procedural-flower-master/Assets/Packages/ProceduralFlower/Scripts/Editor/PFShapeWindow.cs using Guid(1c171f6d590db4523bb4789bfa74f516) Importer(815301076,1909f56bfc062723c751e8b465ee728b)  -> (artifact id: '21ec985ed1cb093031141c77e2ef2633') in 0.001940 seconds
  Import took 0.003957 seconds .

========================================================================
Received Import Request.
  Time since last request: 1.732447 seconds.
  path: Assets/unity-procedural-flower-master/Assets/Packages/ProceduralFlower/Scripts/Editor/PFTesterInspector.cs
  artifactKey: Guid(1671af6f37ddb4e3bb8149ba72dadc23) Importer(815301076,1909f56bfc062723c751e8b465ee728b)
Start importing Assets/unity-procedural-flower-master/Assets/Packages/ProceduralFlower/Scripts/Editor/PFTesterInspector.cs using Guid(1671af6f37ddb4e3bb8149ba72dadc23) Importer(815301076,1909f56bfc062723c751e8b465ee728b)  -> (artifact id: '447c068882ecb92c2a808a2385afaa0d') in 0.004895 seconds
  Import took 0.007230 seconds .

========================================================================
Received Prepare
Registering precompiled user dll's ...
Registered in 0.000797 seconds.
Begin MonoManager ReloadAssembly
Native extension for WindowsStandalone target not found
Refreshing native plugins compatible for Editor in 0.21 ms, found 0 plugins.
Preloading 0 native plugins for Editor in 0.00 ms.
Invoked RoslynAnalysisRunner static constructor.
RoslynAnalysisRunner will not be running.
RoslynAnalysisRunner has terminated.
Mono: successfully reloaded assembly
- Completed reload, in  0.755 seconds
Platform modules already initialized, skipping
Refreshing native plugins compatible for Editor in 0.57 ms, found 0 plugins.
Preloading 0 native plugins for Editor in 0.00 ms.
Unloading 1129 Unused Serialized files (Serialized files now loaded: 0)
System memory in use before: 63.6 MB.
System memory in use after: 63.6 MB.

Unloading 5 unused Assets to reduce memory usage. Loaded Objects now: 1630.
Total: 2.085500 ms (FindLiveObjects: 0.277400 ms CreateObjectMapping: 0.054700 ms MarkObjects: 1.694600 ms  DeleteObjects: 0.056900 ms)

========================================================================
Received Import Request.
  Time since last request: 148.939295 seconds.
  path: Assets/unity-procedural-flower-master/Assets/Packages/ProceduralFlower/Scenes/DemoSettings.lighting
  artifactKey: Guid(c2903203bbf37f945aedf1dd8569cd45) Importer(815301076,1909f56bfc062723c751e8b465ee728b)
Start importing Assets/unity-procedural-flower-master/Assets/Packages/ProceduralFlower/Scenes/DemoSettings.lighting using Guid(c2903203bbf37f945aedf1dd8569cd45) Importer(815301076,1909f56bfc062723c751e8b465ee728b) LightingSettings: switching bake backend from 1 to 0.
 -> (artifact id: '3267d4800e3201a7afbb590ba8134e70') in 0.014950 seconds
  Import took 0.017448 seconds .

========================================================================
Received Import Request.
  Time since last request: 0.006411 seconds.
  path: Assets/unity-procedural-flower-master/Assets/Packages/ProceduralFlower/Scenes/DemoSettings.lighting
  artifactKey: Guid(c2903203bbf37f945aedf1dd8569cd45) Importer(815301076,1909f56bfc062723c751e8b465ee728b)
Start importing Assets/unity-procedural-flower-master/Assets/Packages/ProceduralFlower/Scenes/DemoSettings.lighting using Guid(c2903203bbf37f945aedf1dd8569cd45) Importer(815301076,1909f56bfc062723c751e8b465ee728b) LightingSettings: switching bake backend from 1 to 0.
 -> (artifact id: '3267d4800e3201a7afbb590ba8134e70') in 0.002241 seconds
  Import took 0.004666 seconds .

========================================================================
Received Import Request.
  Time since last request: 7.163256 seconds.
  path: Assets/unity-procedural-flower-master/Assets/Packages/ProceduralFlower/Scenes/Garden.unity
  artifactKey: Guid(a5668d862231143d5b741f7bcd1e5bb7) Importer(815301076,1909f56bfc062723c751e8b465ee728b)
Start importing Assets/unity-procedural-flower-master/Assets/Packages/ProceduralFlower/Scenes/Garden.unity using Guid(a5668d862231143d5b741f7bcd1e5bb7) Importer(815301076,1909f56bfc062723c751e8b465ee728b)  -> (artifact id: '1f8ab2adb2a675314060c64eeaeaaec7') in 0.005180 seconds
  Import took 0.007882 seconds .

========================================================================
Received Prepare
Registering precompiled user dll's ...
Registered in 0.000816 seconds.
Begin MonoManager ReloadAssembly
Native extension for WindowsStandalone target not found
Refreshing native plugins compatible for Editor in 0.35 ms, found 0 plugins.
Preloading 0 native plugins for Editor in 0.00 ms.
Invoked RoslynAnalysisRunner static constructor.
RoslynAnalysisRunner will not be running.
RoslynAnalysisRunner has terminated.
Mono: successfully reloaded assembly
- Completed reload, in  0.789 seconds
Platform modules already initialized, skipping
Refreshing native plugins compatible for Editor in 0.43 ms, found 0 plugins.
Preloading 0 native plugins for Editor in 0.00 ms.
Unloading 1124 Unused Serialized files (Serialized files now loaded: 0)
System memory in use before: 63.2 MB.
System memory in use after: 63.3 MB.

Unloading 5 unused Assets to reduce memory usage. Loaded Objects now: 1633.
Total: 2.086900 ms (FindLiveObjects: 0.213000 ms CreateObjectMapping: 0.039300 ms MarkObjects: 1.779000 ms  DeleteObjects: 0.054100 ms)

========================================================================
Received Prepare
Registering precompiled user dll's ...
Registered in 0.000958 seconds.
Begin MonoManager ReloadAssembly
Native extension for WindowsStandalone target not found
Refreshing native plugins compatible for Editor in 0.39 ms, found 0 plugins.
Preloading 0 native plugins for Editor in 0.00 ms.
Invoked RoslynAnalysisRunner static constructor.
RoslynAnalysisRunner will not be running.
RoslynAnalysisRunner has terminated.
Mono: successfully reloaded assembly
- Completed reload, in  0.894 seconds
Platform modules already initialized, skipping
Refreshing native plugins compatible for Editor in 0.30 ms, found 0 plugins.
Preloading 0 native plugins for Editor in 0.00 ms.
Unloading 1124 Unused Serialized files (Serialized files now loaded: 0)
System memory in use before: 63.2 MB.
System memory in use after: 63.3 MB.

Unloading 5 unused Assets to reduce memory usage. Loaded Objects now: 1636.
Total: 5.124400 ms (FindLiveObjects: 0.381700 ms CreateObjectMapping: 0.086100 ms MarkObjects: 4.567000 ms  DeleteObjects: 0.087600 ms)

========================================================================
Received Prepare
Registering precompiled user dll's ...
Registered in 0.000791 seconds.
Begin MonoManager ReloadAssembly
Native extension for WindowsStandalone target not found
Refreshing native plugins compatible for Editor in 0.23 ms, found 0 plugins.
Preloading 0 native plugins for Editor in 0.00 ms.
Invoked RoslynAnalysisRunner static constructor.
RoslynAnalysisRunner will not be running.
RoslynAnalysisRunner has terminated.
Mono: successfully reloaded assembly
- Completed reload, in  0.804 seconds
Platform modules already initialized, skipping
Refreshing native plugins compatible for Editor in 0.53 ms, found 0 plugins.
Preloading 0 native plugins for Editor in 0.00 ms.
Unloading 1124 Unused Serialized files (Serialized files now loaded: 0)
System memory in use before: 63.2 MB.
System memory in use after: 63.3 MB.

Unloading 5 unused Assets to reduce memory usage. Loaded Objects now: 1639.
Total: 4.262000 ms (FindLiveObjects: 0.324800 ms CreateObjectMapping: 0.064200 ms MarkObjects: 3.715000 ms  DeleteObjects: 0.155100 ms)

========================================================================
Received Prepare
Registering precompiled user dll's ...
Registered in 0.001082 seconds.
Begin MonoManager ReloadAssembly
Native extension for WindowsStandalone target not found
Refreshing native plugins compatible for Editor in 1.90 ms, found 0 plugins.
Preloading 0 native plugins for Editor in 0.00 ms.
Invoked RoslynAnalysisRunner static constructor.
RoslynAnalysisRunner will not be running.
RoslynAnalysisRunner has terminated.
Mono: successfully reloaded assembly
- Completed reload, in  1.103 seconds
Platform modules already initialized, skipping
Refreshing native plugins compatible for Editor in 0.52 ms, found 0 plugins.
Preloading 0 native plugins for Editor in 0.00 ms.
Unloading 1124 Unused Serialized files (Serialized files now loaded: 0)
System memory in use before: 63.2 MB.
System memory in use after: 63.3 MB.

Unloading 5 unused Assets to reduce memory usage. Loaded Objects now: 1642.
Total: 5.243300 ms (FindLiveObjects: 0.637800 ms CreateObjectMapping: 0.211000 ms MarkObjects: 4.325400 ms  DeleteObjects: 0.066100 ms)

AssetImportWorkerClient::OnTransportError - code=2 error=End of file
